0.5576 	WARNING 	We strongly recommend you activate the PTB sound engine in PsychoPy prefs as the preferred audio engine. Its timing is vastly superior. Your prefs are currently set to use ['sounddevice', 'PTB', 'pyo', 'pygame'] (in that order).
1.8992 	WARNING 	Font Manager failed to load file C:\Users\Kichang\AppData\Local\Microsoft\Windows\Fonts\윤고딕350.ttf
1.9524 	WARNING 	Font Manager failed to load file C:\Users\Kichang\AppData\Local\Microsoft\Windows\Fonts\윤고딕330.ttf
1.9647 	WARNING 	Font Manager failed to load file C:\Users\Kichang\AppData\Local\Microsoft\Windows\Fonts\나눔손글씨 세화체.ttf
2.0109 	WARNING 	Font Manager failed to load file C:\Users\Kichang\AppData\Local\Microsoft\Windows\Fonts\sj방구쟁이.ttf
11.8613 	EXP 	Created window1 = Window(allowGUI=False, allowStencil=False, autoLog=True, backendConf=UNKNOWN, bitsMode=UNKNOWN, blendMode='avg', bpc=(8, 8, 8), color=array([0, 0, 0]), colorSpace='rgb', depthBits=8, fullscr=<method-wrapper '__getattribute__' of attributeSetter object at 0x0000022BDFBFD2B0>, gamma=None, gammaErrorPolicy='raise', lms=UNKNOWN, monitor=<psychopy.monitors.calibTools.Monitor object at 0x0000022BDFC49908>, multiSample=False, name='window1', numSamples=2, pos=[0.0, 0.0], screen=0, size=array([2560, 1440]), stencilBits=0, stereo=False, units='height', useFBO=True, useRetina=False, viewOri=0.0, viewPos=None, viewScale=None, waitBlanking=True, winType='pyglet')
11.8622 	EXP 	window1: mouseVisible = True
11.8623 	EXP 	window1: recordFrameIntervals = False
12.0270 	EXP 	window1: recordFrameIntervals = True
12.2100 	EXP 	window1: recordFrameIntervals = False
12.4206 	EXP 	Created txtList = TextStim(__class__=<class 'psychopy.visual.text.TextStim'>, alignHoriz=method-wrapper(...), alignText='center', alignVert=method-wrapper(...), anchorHoriz='center', anchorVert='center', antialias=True, autoLog=True, bold=False, color=array([1, 1, 1]), colorSpace='rgb', contrast=1.0, depth=-1.0, flipHoriz=False, flipVert=False, font='Open Sans', fontFiles=[], height=0.1, italic=False, languageStyle='LTR', name='txtList', opacity=1, ori=0.0, pos=array([0., 0.]), rgb=UNKNOWN, text='', units='height', win=Window(...), wrapWidth=1)
12.4211 	EXP 	Created txtProbe = TextStim(__class__=<class 'psychopy.visual.text.TextStim'>, alignHoriz=method-wrapper(...), alignText='center', alignVert=method-wrapper(...), anchorHoriz='center', anchorVert='center', antialias=True, autoLog=True, bold=False, color=array([1, 1, 1]), colorSpace='rgb', contrast=1.0, depth=-2.0, flipHoriz=False, flipVert=False, font='Open Sans', fontFiles=[], height=0.1, italic=False, languageStyle='LTR', name='txtProbe', opacity=1, ori=0.0, pos=array([0., 0.]), rgb=UNKNOWN, text='', units='height', win=Window(...), wrapWidth=1)
12.4930 	EXP 	Sound sound_1 set volume 1.000
12.5054 	EXP 	Imported test1.xlsx as conditions, 8 conditions, 2 params
12.5058 	EXP 	Created sequence: random, trialTypes=8, nReps=10, seed=None
12.5060 	EXP 	New trial (rep=0, index=0): {'length': 3, 'present': 0}
12.5634 	EXP 	txtList: text = <class 'numpy.ndarray'>
12.5634 	EXP 	txtProbe: text = 9
13.0271 	EXP 	txtList: autoDraw = True
14.5286 	EXP 	txtList: autoDraw = False
16.5303 	EXP 	txtProbe: autoDraw = True
18.1882 	DATA 	Keypress: right
18.1981 	EXP 	txtList: autoDraw = False
18.1981 	EXP 	txtProbe: autoDraw = False
18.2832 	EXP 	New trial (rep=0, index=1): {'length': 1, 'present': 0}
18.2981 	EXP 	txtList: text = array([4])
18.2981 	EXP 	txtProbe: text = 8
18.7820 	EXP 	txtList: autoDraw = True
20.2830 	EXP 	txtList: autoDraw = False
22.2848 	EXP 	txtProbe: autoDraw = True
23.4567 	DATA 	Keypress: right
23.4863 	EXP 	txtList: autoDraw = False
23.4863 	EXP 	txtProbe: autoDraw = False
23.5732 	EXP 	New trial (rep=0, index=2): {'length': 5, 'present': 0}
23.5991 	EXP 	txtList: text = <class 'numpy.ndarray'>
23.5991 	EXP 	txtProbe: text = 1
24.0865 	EXP 	txtList: autoDraw = True
25.5878 	EXP 	txtList: autoDraw = False
27.5895 	EXP 	txtProbe: autoDraw = True
28.6111 	DATA 	Keypress: right
28.6400 	EXP 	txtList: autoDraw = False
28.6400 	EXP 	txtProbe: autoDraw = False
28.7251 	EXP 	New trial (rep=0, index=3): {'length': 7, 'present': 1}
28.7401 	EXP 	txtList: text = <class 'numpy.ndarray'>
28.7401 	EXP 	txtProbe: text = 4
29.2240 	EXP 	txtList: autoDraw = True
30.7251 	EXP 	txtList: autoDraw = False
32.7266 	EXP 	txtProbe: autoDraw = True
33.6880 	DATA 	Keypress: left
33.7109 	EXP 	txtList: autoDraw = False
33.7109 	EXP 	txtProbe: autoDraw = False
33.7959 	EXP 	New trial (rep=0, index=4): {'length': 7, 'present': 0}
33.8111 	EXP 	txtList: text = <class 'numpy.ndarray'>
33.8111 	EXP 	txtProbe: text = 2
34.2950 	EXP 	txtList: autoDraw = True
35.7957 	EXP 	txtList: autoDraw = False
37.7977 	EXP 	txtProbe: autoDraw = True
38.7543 	DATA 	Keypress: left
38.7651 	EXP 	txtList: autoDraw = False
38.7651 	EXP 	txtProbe: autoDraw = False
38.8507 	EXP 	New trial (rep=0, index=5): {'length': 5, 'present': 1}
38.8652 	EXP 	txtList: text = <class 'numpy.ndarray'>
38.8652 	EXP 	txtProbe: text = 0
39.3492 	EXP 	txtList: autoDraw = True
40.8501 	EXP 	txtList: autoDraw = False
42.8518 	EXP 	txtProbe: autoDraw = True
43.7257 	DATA 	Keypress: left
43.7359 	EXP 	txtList: autoDraw = False
43.7359 	EXP 	txtProbe: autoDraw = False
43.8208 	EXP 	New trial (rep=0, index=6): {'length': 3, 'present': 1}
43.8358 	EXP 	txtList: text = <class 'numpy.ndarray'>
43.8358 	EXP 	txtProbe: text = 9
44.3199 	EXP 	txtList: autoDraw = True
45.8210 	EXP 	txtList: autoDraw = False
47.8227 	EXP 	txtProbe: autoDraw = True
48.3777 	DATA 	Keypress: left
48.4062 	EXP 	txtList: autoDraw = False
48.4062 	EXP 	txtProbe: autoDraw = False
48.4919 	EXP 	New trial (rep=0, index=7): {'length': 1, 'present': 1}
48.5063 	EXP 	txtList: text = array([7])
48.5063 	EXP 	txtProbe: text = 7
48.9903 	EXP 	txtList: autoDraw = True
50.4916 	EXP 	txtList: autoDraw = False
52.4933 	EXP 	txtProbe: autoDraw = True
53.2666 	DATA 	Keypress: left
53.2768 	EXP 	txtList: autoDraw = False
53.2768 	EXP 	txtProbe: autoDraw = False
53.3645 	EXP 	New trial (rep=1, index=0): {'length': 1, 'present': 0}
53.3838 	EXP 	txtList: text = array([4])
53.3838 	EXP 	txtProbe: text = 6
53.8778 	EXP 	txtList: autoDraw = True
55.3788 	EXP 	txtList: autoDraw = False
57.3640 	EXP 	txtProbe: autoDraw = True
58.1192 	DATA 	Keypress: right
58.1478 	EXP 	txtList: autoDraw = False
58.1478 	EXP 	txtProbe: autoDraw = False
58.2332 	EXP 	New trial (rep=1, index=1): {'length': 7, 'present': 1}
58.2478 	EXP 	txtList: text = <class 'numpy.ndarray'>
58.2478 	EXP 	txtProbe: text = 7
58.7319 	EXP 	txtList: autoDraw = True
60.2330 	EXP 	txtList: autoDraw = False
62.2344 	EXP 	txtProbe: autoDraw = True
62.9989 	DATA 	Keypress: left
63.0030 	EXP 	txtList: autoDraw = False
63.0030 	EXP 	txtProbe: autoDraw = False
63.0891 	EXP 	New trial (rep=1, index=2): {'length': 3, 'present': 0}
63.1093 	EXP 	txtList: text = <class 'numpy.ndarray'>
63.1093 	EXP 	txtProbe: text = 9
63.6023 	EXP 	txtList: autoDraw = True
65.1038 	EXP 	txtList: autoDraw = False
67.0888 	EXP 	txtProbe: autoDraw = True
68.2009 	DATA 	Keypress: right
68.2067 	EXP 	txtList: autoDraw = False
68.2067 	EXP 	txtProbe: autoDraw = False
68.2915 	EXP 	New trial (rep=1, index=3): {'length': 7, 'present': 0}
68.3059 	EXP 	txtList: text = <class 'numpy.ndarray'>
68.3059 	EXP 	txtProbe: text = 9
68.7901 	EXP 	txtList: autoDraw = True
70.2911 	EXP 	txtList: autoDraw = False
72.2928 	EXP 	txtProbe: autoDraw = True
73.2159 	DATA 	Keypress: right
73.2266 	EXP 	txtList: autoDraw = False
73.2266 	EXP 	txtProbe: autoDraw = False
73.2955 	EXP 	New trial (rep=1, index=4): {'length': 1, 'present': 1}
73.3100 	EXP 	txtList: text = array([8])
73.3100 	EXP 	txtProbe: text = 8
73.7939 	EXP 	txtList: autoDraw = True
75.2954 	EXP 	txtList: autoDraw = False
77.2969 	EXP 	txtProbe: autoDraw = True
77.9356 	DATA 	Keypress: left
77.9641 	EXP 	txtList: autoDraw = False
77.9641 	EXP 	txtProbe: autoDraw = False
78.0497 	EXP 	New trial (rep=1, index=5): {'length': 5, 'present': 0}
78.0642 	EXP 	txtList: text = <class 'numpy.ndarray'>
78.0642 	EXP 	txtProbe: text = 0
78.5481 	EXP 	txtList: autoDraw = True
80.0494 	EXP 	txtList: autoDraw = False
82.0511 	EXP 	txtProbe: autoDraw = True
83.0077 	DATA 	Keypress: right
83.0185 	EXP 	txtList: autoDraw = False
83.0185 	EXP 	txtProbe: autoDraw = False
83.1066 	EXP 	New trial (rep=1, index=6): {'length': 5, 'present': 1}
83.1183 	EXP 	txtList: text = <class 'numpy.ndarray'>
83.1183 	EXP 	txtProbe: text = 8
83.6026 	EXP 	txtList: autoDraw = True
85.1034 	EXP 	txtList: autoDraw = False
87.1054 	EXP 	txtProbe: autoDraw = True
87.9018 	DATA 	Keypress: left
87.9223 	EXP 	txtList: autoDraw = False
87.9223 	EXP 	txtProbe: autoDraw = False
88.0096 	EXP 	New trial (rep=1, index=7): {'length': 3, 'present': 1}
88.0317 	EXP 	txtList: text = <class 'numpy.ndarray'>
88.0317 	EXP 	txtProbe: text = 3
88.5228 	EXP 	txtList: autoDraw = True
90.0240 	EXP 	txtList: autoDraw = False
92.0255 	EXP 	txtProbe: autoDraw = True
92.7159 	DATA 	Keypress: left
92.7263 	EXP 	txtList: autoDraw = False
92.7263 	EXP 	txtProbe: autoDraw = False
92.8116 	EXP 	New trial (rep=2, index=0): {'length': 3, 'present': 1}
92.8263 	EXP 	txtList: text = <class 'numpy.ndarray'>
92.8263 	EXP 	txtProbe: text = 4
93.3101 	EXP 	txtList: autoDraw = True
94.8113 	EXP 	txtList: autoDraw = False
96.8131 	EXP 	txtProbe: autoDraw = True
97.3026 	DATA 	Keypress: left
97.3135 	EXP 	txtList: autoDraw = False
97.3135 	EXP 	txtProbe: autoDraw = False
97.4006 	EXP 	New trial (rep=2, index=1): {'length': 1, 'present': 1}
97.4199 	EXP 	txtList: text = array([8])
97.4199 	EXP 	txtProbe: text = 8
97.8971 	EXP 	txtList: autoDraw = True
99.3986 	EXP 	txtList: autoDraw = False
101.4002 	EXP 	txtProbe: autoDraw = True
101.9090 	DATA 	Keypress: left
101.9341 	EXP 	txtList: autoDraw = False
101.9341 	EXP 	txtProbe: autoDraw = False
102.0189 	EXP 	New trial (rep=2, index=2): {'length': 7, 'present': 1}
102.0339 	EXP 	txtList: text = <class 'numpy.ndarray'>
102.0339 	EXP 	txtProbe: text = 4
102.5179 	EXP 	txtList: autoDraw = True
104.0189 	EXP 	txtList: autoDraw = False
106.0206 	EXP 	txtProbe: autoDraw = True
106.6598 	DATA 	Keypress: left
106.6710 	EXP 	txtList: autoDraw = False
106.6710 	EXP 	txtProbe: autoDraw = False
106.7561 	EXP 	New trial (rep=2, index=3): {'length': 5, 'present': 0}
106.7712 	EXP 	txtList: text = <class 'numpy.ndarray'>
106.7712 	EXP 	txtProbe: text = 5
107.2550 	EXP 	txtList: autoDraw = True
108.7558 	EXP 	txtList: autoDraw = False
110.7578 	EXP 	txtProbe: autoDraw = True
111.4147 	DATA 	Keypress: right
111.4249 	EXP 	txtList: autoDraw = False
111.4249 	EXP 	txtProbe: autoDraw = False
111.5103 	EXP 	New trial (rep=2, index=4): {'length': 5, 'present': 1}
111.5251 	EXP 	txtList: text = <class 'numpy.ndarray'>
111.5251 	EXP 	txtProbe: text = 9
112.0090 	EXP 	txtList: autoDraw = True
113.5101 	EXP 	txtList: autoDraw = False
115.5117 	EXP 	txtProbe: autoDraw = True
116.4024 	DATA 	Keypress: left
116.4123 	EXP 	txtList: autoDraw = False
116.4123 	EXP 	txtProbe: autoDraw = False
116.4981 	EXP 	New trial (rep=2, index=5): {'length': 3, 'present': 0}
116.5125 	EXP 	txtList: text = <class 'numpy.ndarray'>
116.5125 	EXP 	txtProbe: text = 9
116.9964 	EXP 	txtList: autoDraw = True
118.4977 	EXP 	txtList: autoDraw = False
120.4992 	EXP 	txtProbe: autoDraw = True
121.0557 	DATA 	Keypress: right
121.0664 	EXP 	txtList: autoDraw = False
121.0664 	EXP 	txtProbe: autoDraw = False
121.1519 	EXP 	New trial (rep=2, index=6): {'length': 7, 'present': 0}
121.1665 	EXP 	txtList: text = <class 'numpy.ndarray'>
121.1665 	EXP 	txtProbe: text = 2
121.6505 	EXP 	txtList: autoDraw = True
123.1512 	EXP 	txtList: autoDraw = False
125.1534 	EXP 	txtProbe: autoDraw = True
125.9797 	DATA 	Keypress: right
126.0040 	EXP 	txtList: autoDraw = False
126.0040 	EXP 	txtProbe: autoDraw = False
126.0917 	EXP 	New trial (rep=2, index=7): {'length': 1, 'present': 0}
126.1122 	EXP 	txtList: text = array([5])
126.1122 	EXP 	txtProbe: text = 9
126.6045 	EXP 	txtList: autoDraw = True
128.1055 	EXP 	txtList: autoDraw = False
130.1074 	EXP 	txtProbe: autoDraw = True
130.6298 	DATA 	Keypress: right
130.6411 	EXP 	txtList: autoDraw = False
130.6411 	EXP 	txtProbe: autoDraw = False
130.7257 	EXP 	New trial (rep=3, index=0): {'length': 1, 'present': 0}
130.7409 	EXP 	txtList: text = array([3])
130.7409 	EXP 	txtProbe: text = 8
131.2246 	EXP 	txtList: autoDraw = True
132.7258 	EXP 	txtList: autoDraw = False
134.7276 	EXP 	txtProbe: autoDraw = True
135.2340 	DATA 	Keypress: right
135.2448 	EXP 	txtList: autoDraw = False
135.2448 	EXP 	txtProbe: autoDraw = False
135.3323 	EXP 	New trial (rep=3, index=1): {'length': 7, 'present': 1}
135.3447 	EXP 	txtList: text = <class 'numpy.ndarray'>
135.3447 	EXP 	txtProbe: text = 9
135.8454 	EXP 	txtList: autoDraw = True
137.3464 	EXP 	txtList: autoDraw = False
139.3314 	EXP 	txtProbe: autoDraw = True
140.0071 	DATA 	Keypress: left
140.0320 	EXP 	txtList: autoDraw = False
140.0320 	EXP 	txtProbe: autoDraw = False
140.1203 	EXP 	New trial (rep=3, index=2): {'length': 3, 'present': 1}
140.1411 	EXP 	txtList: text = <class 'numpy.ndarray'>
140.1411 	EXP 	txtProbe: text = 7
140.6326 	EXP 	txtList: autoDraw = True
142.1339 	EXP 	txtList: autoDraw = False
144.1353 	EXP 	txtProbe: autoDraw = True
144.7255 	DATA 	Keypress: left
144.7361 	EXP 	txtList: autoDraw = False
144.7361 	EXP 	txtProbe: autoDraw = False
144.8207 	EXP 	New trial (rep=3, index=3): {'length': 1, 'present': 1}
144.8358 	EXP 	txtList: text = array([7])
144.8358 	EXP 	txtProbe: text = 7
145.3200 	EXP 	txtList: autoDraw = True
146.8208 	EXP 	txtList: autoDraw = False
148.8227 	EXP 	txtProbe: autoDraw = True
149.3293 	DATA 	Keypress: left
149.3395 	EXP 	txtList: autoDraw = False
149.3395 	EXP 	txtProbe: autoDraw = False
149.4251 	EXP 	New trial (rep=3, index=4): {'length': 7, 'present': 0}
149.4395 	EXP 	txtList: text = <class 'numpy.ndarray'>
149.4395 	EXP 	txtProbe: text = 1
149.9237 	EXP 	txtList: autoDraw = True
151.4246 	EXP 	txtList: autoDraw = False
153.4263 	EXP 	txtProbe: autoDraw = True
154.0910 	DATA 	Keypress: right
154.0949 	EXP 	txtList: autoDraw = False
154.0949 	EXP 	txtProbe: autoDraw = False
154.1784 	EXP 	New trial (rep=3, index=5): {'length': 3, 'present': 0}
154.1935 	EXP 	txtList: text = <class 'numpy.ndarray'>
154.1935 	EXP 	txtProbe: text = 0
154.6775 	EXP 	txtList: autoDraw = True
156.1785 	EXP 	txtList: autoDraw = False
158.1806 	EXP 	txtProbe: autoDraw = True
158.8179 	DATA 	Keypress: right
158.8478 	EXP 	txtList: autoDraw = False
158.8478 	EXP 	txtProbe: autoDraw = False
158.9329 	EXP 	New trial (rep=3, index=6): {'length': 5, 'present': 0}
158.9474 	EXP 	txtList: text = <class 'numpy.ndarray'>
158.9474 	EXP 	txtProbe: text = 6
159.4315 	EXP 	txtList: autoDraw = True
160.9328 	EXP 	txtList: autoDraw = False
162.9344 	EXP 	txtProbe: autoDraw = True
163.5407 	DATA 	Keypress: right
163.5513 	EXP 	txtList: autoDraw = False
163.5513 	EXP 	txtProbe: autoDraw = False
163.6369 	EXP 	New trial (rep=3, index=7): {'length': 5, 'present': 1}
163.6512 	EXP 	txtList: text = <class 'numpy.ndarray'>
163.6512 	EXP 	txtProbe: text = 8
164.1353 	EXP 	txtList: autoDraw = True
165.6366 	EXP 	txtList: autoDraw = False
167.6381 	EXP 	txtProbe: autoDraw = True
168.4451 	DATA 	Keypress: left
168.4552 	EXP 	txtList: autoDraw = False
168.4552 	EXP 	txtProbe: autoDraw = False
168.5239 	EXP 	New trial (rep=4, index=0): {'length': 1, 'present': 1}
168.5388 	EXP 	txtList: text = array([1])
168.5388 	EXP 	txtProbe: text = 1
169.0229 	EXP 	txtList: autoDraw = True
170.5238 	EXP 	txtList: autoDraw = False
172.5254 	EXP 	txtProbe: autoDraw = True
173.0311 	DATA 	Keypress: left
173.0424 	EXP 	txtList: autoDraw = False
173.0424 	EXP 	txtProbe: autoDraw = False
173.1284 	EXP 	New trial (rep=4, index=1): {'length': 7, 'present': 0}
173.1426 	EXP 	txtList: text = <class 'numpy.ndarray'>
173.1426 	EXP 	txtProbe: text = 0
173.6265 	EXP 	txtList: autoDraw = True
175.1275 	EXP 	txtList: autoDraw = False
177.1292 	EXP 	txtProbe: autoDraw = True
177.8188 	DATA 	Keypress: right
177.8299 	EXP 	txtList: autoDraw = False
177.8299 	EXP 	txtProbe: autoDraw = False
177.9148 	EXP 	New trial (rep=4, index=2): {'length': 5, 'present': 1}
177.9297 	EXP 	txtList: text = <class 'numpy.ndarray'>
177.9297 	EXP 	txtProbe: text = 0
178.4137 	EXP 	txtList: autoDraw = True
179.9149 	EXP 	txtList: autoDraw = False
181.9167 	EXP 	txtProbe: autoDraw = True
182.7732 	DATA 	Keypress: left
182.7840 	EXP 	txtList: autoDraw = False
182.7840 	EXP 	txtProbe: autoDraw = False
182.8688 	EXP 	New trial (rep=4, index=3): {'length': 7, 'present': 1}
182.8840 	EXP 	txtList: text = <class 'numpy.ndarray'>
182.8840 	EXP 	txtProbe: text = 2
183.3678 	EXP 	txtList: autoDraw = True
184.8693 	EXP 	txtList: autoDraw = False
186.8706 	EXP 	txtProbe: autoDraw = True
187.8447 	DATA 	Keypress: right
187.8549 	EXP 	txtList: autoDraw = False
187.8549 	EXP 	txtProbe: autoDraw = False
187.9399 	EXP 	New trial (rep=4, index=4): {'length': 3, 'present': 0}
187.9548 	EXP 	txtList: text = <class 'numpy.ndarray'>
187.9548 	EXP 	txtProbe: text = 3
188.4387 	EXP 	txtList: autoDraw = True
189.9397 	EXP 	txtList: autoDraw = False
191.9414 	EXP 	txtProbe: autoDraw = True
192.5637 	DATA 	Keypress: right
192.5933 	EXP 	txtList: autoDraw = False
192.5933 	EXP 	txtProbe: autoDraw = False
192.6778 	EXP 	New trial (rep=4, index=5): {'length': 3, 'present': 1}
192.6920 	EXP 	txtList: text = <class 'numpy.ndarray'>
192.6920 	EXP 	txtProbe: text = 6
193.1759 	EXP 	txtList: autoDraw = True
194.6772 	EXP 	txtList: autoDraw = False
196.6786 	EXP 	txtProbe: autoDraw = True
197.1679 	DATA 	Keypress: left
197.1790 	EXP 	txtList: autoDraw = False
197.1790 	EXP 	txtProbe: autoDraw = False
197.2640 	EXP 	New trial (rep=4, index=6): {'length': 1, 'present': 0}
197.2790 	EXP 	txtList: text = array([6])
197.2790 	EXP 	txtProbe: text = 2
197.7630 	EXP 	txtList: autoDraw = True
199.2642 	EXP 	txtList: autoDraw = False
201.2661 	EXP 	txtProbe: autoDraw = True
201.6754 	DATA 	Keypress: right
201.6996 	EXP 	txtList: autoDraw = False
201.6996 	EXP 	txtProbe: autoDraw = False
201.7869 	EXP 	New trial (rep=4, index=7): {'length': 5, 'present': 0}
201.8131 	EXP 	txtList: text = <class 'numpy.ndarray'>
201.8131 	EXP 	txtProbe: text = 1
202.3002 	EXP 	txtList: autoDraw = True
203.8013 	EXP 	txtList: autoDraw = False
205.8028 	EXP 	txtProbe: autoDraw = True
206.4263 	DATA 	Keypress: right
206.4368 	EXP 	txtList: autoDraw = False
206.4368 	EXP 	txtProbe: autoDraw = False
206.5075 	EXP 	New trial (rep=5, index=0): {'length': 3, 'present': 0}
206.5287 	EXP 	txtList: text = <class 'numpy.ndarray'>
206.5287 	EXP 	txtProbe: text = 4
207.0210 	EXP 	txtList: autoDraw = True
208.5218 	EXP 	txtList: autoDraw = False
210.5235 	EXP 	txtProbe: autoDraw = True
210.9977 	DATA 	Keypress: right
211.0072 	EXP 	txtList: autoDraw = False
211.0072 	EXP 	txtProbe: autoDraw = False
211.0943 	EXP 	New trial (rep=5, index=1): {'length': 3, 'present': 1}
211.1194 	EXP 	txtList: text = <class 'numpy.ndarray'>
211.1194 	EXP 	txtProbe: text = 1
211.6077 	EXP 	txtList: autoDraw = True
213.1089 	EXP 	txtList: autoDraw = False
215.1105 	EXP 	txtProbe: autoDraw = True
215.8006 	DATA 	Keypress: left
215.8279 	EXP 	txtList: autoDraw = False
215.8279 	EXP 	txtProbe: autoDraw = False
215.9125 	EXP 	New trial (rep=5, index=2): {'length': 7, 'present': 1}
215.9277 	EXP 	txtList: text = <class 'numpy.ndarray'>
215.9277 	EXP 	txtProbe: text = 3
216.4119 	EXP 	txtList: autoDraw = True
217.9128 	EXP 	txtList: autoDraw = False
219.9148 	EXP 	txtProbe: autoDraw = True
220.5246 	DATA 	Keypress: right
220.5484 	EXP 	txtList: autoDraw = False
220.5484 	EXP 	txtProbe: autoDraw = False
220.6340 	EXP 	New trial (rep=5, index=3): {'length': 5, 'present': 0}
220.6484 	EXP 	txtList: text = <class 'numpy.ndarray'>
220.6484 	EXP 	txtProbe: text = 0
221.1323 	EXP 	txtList: autoDraw = True
222.6333 	EXP 	txtList: autoDraw = False
224.6351 	EXP 	txtProbe: autoDraw = True
225.7402 	DATA 	Keypress: right
225.7695 	EXP 	txtList: autoDraw = False
225.7695 	EXP 	txtProbe: autoDraw = False
225.8548 	EXP 	New trial (rep=5, index=4): {'length': 1, 'present': 0}
225.8693 	EXP 	txtList: text = array([6])
225.8693 	EXP 	txtProbe: text = 8
226.3533 	EXP 	txtList: autoDraw = True
227.8545 	EXP 	txtList: autoDraw = False
229.8559 	EXP 	txtProbe: autoDraw = True
230.2461 	DATA 	Keypress: right
230.2567 	EXP 	txtList: autoDraw = False
230.2567 	EXP 	txtProbe: autoDraw = False
230.3439 	EXP 	New trial (rep=5, index=5): {'length': 7, 'present': 0}
230.3702 	EXP 	txtList: text = <class 'numpy.ndarray'>
230.3702 	EXP 	txtProbe: text = 4
230.8570 	EXP 	txtList: autoDraw = True
232.3581 	EXP 	txtList: autoDraw = False
234.3598 	EXP 	txtProbe: autoDraw = True
235.1832 	DATA 	Keypress: right
235.1937 	EXP 	txtList: autoDraw = False
235.1937 	EXP 	txtProbe: autoDraw = False
235.2798 	EXP 	New trial (rep=5, index=6): {'length': 1, 'present': 1}
235.2938 	EXP 	txtList: text = array([6])
235.2938 	EXP 	txtProbe: text = 6
235.7776 	EXP 	txtList: autoDraw = True
237.2789 	EXP 	txtList: autoDraw = False
239.2807 	EXP 	txtProbe: autoDraw = True
239.9379 	DATA 	Keypress: left
239.9479 	EXP 	txtList: autoDraw = False
239.9479 	EXP 	txtProbe: autoDraw = False
240.0347 	EXP 	New trial (rep=5, index=7): {'length': 5, 'present': 1}
240.0572 	EXP 	txtList: text = <class 'numpy.ndarray'>
240.0572 	EXP 	txtProbe: text = 9
240.5484 	EXP 	txtList: autoDraw = True
242.0496 	EXP 	txtList: autoDraw = False
244.0514 	EXP 	txtProbe: autoDraw = True
244.7741 	DATA 	Keypress: left
244.7848 	EXP 	txtList: autoDraw = False
244.7848 	EXP 	txtProbe: autoDraw = False
244.8725 	EXP 	New trial (rep=6, index=0): {'length': 1, 'present': 0}
244.8914 	EXP 	txtList: text = array([1])
244.8914 	EXP 	txtProbe: text = 2
245.3854 	EXP 	txtList: autoDraw = True
246.8867 	EXP 	txtList: autoDraw = False
248.8885 	EXP 	txtProbe: autoDraw = True
249.3350 	DATA 	Keypress: right
249.3395 	EXP 	txtList: autoDraw = False
249.3395 	EXP 	txtProbe: autoDraw = False
249.4273 	EXP 	New trial (rep=6, index=1): {'length': 5, 'present': 0}
249.4400 	EXP 	txtList: text = <class 'numpy.ndarray'>
249.4400 	EXP 	txtProbe: text = 5
249.9395 	EXP 	txtList: autoDraw = True
251.4403 	EXP 	txtList: autoDraw = False
253.4422 	EXP 	txtProbe: autoDraw = True
254.1990 	DATA 	Keypress: right
254.2094 	EXP 	txtList: autoDraw = False
254.2094 	EXP 	txtProbe: autoDraw = False
254.2947 	EXP 	New trial (rep=6, index=2): {'length': 3, 'present': 0}
254.3098 	EXP 	txtList: text = <class 'numpy.ndarray'>
254.3098 	EXP 	txtProbe: text = 8
254.7934 	EXP 	txtList: autoDraw = True
256.2945 	EXP 	txtList: autoDraw = False
258.2964 	EXP 	txtProbe: autoDraw = True
258.9181 	DATA 	Keypress: right
258.9467 	EXP 	txtList: autoDraw = False
258.9467 	EXP 	txtProbe: autoDraw = False
259.0342 	EXP 	New trial (rep=6, index=3): {'length': 7, 'present': 1}
259.0584 	EXP 	txtList: text = <class 'numpy.ndarray'>
259.0584 	EXP 	txtProbe: text = 8
259.5475 	EXP 	txtList: autoDraw = True
261.0487 	EXP 	txtList: autoDraw = False
263.0504 	EXP 	txtProbe: autoDraw = True
264.2071 	DATA 	Keypress: left
264.2177 	EXP 	txtList: autoDraw = False
264.2177 	EXP 	txtProbe: autoDraw = False
264.3031 	EXP 	New trial (rep=6, index=4): {'length': 5, 'present': 1}
264.3178 	EXP 	txtList: text = <class 'numpy.ndarray'>
264.3178 	EXP 	txtProbe: text = 5
264.8016 	EXP 	txtList: autoDraw = True
266.3031 	EXP 	txtList: autoDraw = False
268.3048 	EXP 	txtProbe: autoDraw = True
268.9604 	DATA 	Keypress: left
268.9716 	EXP 	txtList: autoDraw = False
268.9716 	EXP 	txtProbe: autoDraw = False
269.0568 	EXP 	New trial (rep=6, index=5): {'length': 1, 'present': 1}
269.0718 	EXP 	txtList: text = array([0])
269.0718 	EXP 	txtProbe: text = 0
269.5558 	EXP 	txtList: autoDraw = True
271.0566 	EXP 	txtList: autoDraw = False
273.0583 	EXP 	txtProbe: autoDraw = True
273.4853 	DATA 	Keypress: left
273.4920 	EXP 	txtList: autoDraw = False
273.4920 	EXP 	txtProbe: autoDraw = False
273.5773 	EXP 	New trial (rep=6, index=6): {'length': 3, 'present': 1}
273.5920 	EXP 	txtList: text = <class 'numpy.ndarray'>
273.5920 	EXP 	txtProbe: text = 9
274.0760 	EXP 	txtList: autoDraw = True
275.5773 	EXP 	txtList: autoDraw = False
277.5788 	EXP 	txtProbe: autoDraw = True
278.3591 	DATA 	Keypress: left
278.3627 	EXP 	txtList: autoDraw = False
278.3627 	EXP 	txtProbe: autoDraw = False
278.4480 	EXP 	New trial (rep=6, index=7): {'length': 7, 'present': 0}
278.4627 	EXP 	txtList: text = <class 'numpy.ndarray'>
278.4627 	EXP 	txtProbe: text = 9
278.9467 	EXP 	txtList: autoDraw = True
280.4478 	EXP 	txtList: autoDraw = False
282.4495 	EXP 	txtProbe: autoDraw = True
283.9910 	DATA 	Keypress: left
284.0009 	EXP 	txtList: autoDraw = False
284.0009 	EXP 	txtProbe: autoDraw = False
284.0880 	EXP 	New trial (rep=7, index=0): {'length': 3, 'present': 0}
284.1136 	EXP 	txtList: text = <class 'numpy.ndarray'>
284.1136 	EXP 	txtProbe: text = 6
284.6014 	EXP 	txtList: autoDraw = True
286.1024 	EXP 	txtList: autoDraw = False
288.1041 	EXP 	txtProbe: autoDraw = True
288.9153 	DATA 	Keypress: right
288.9235 	EXP 	txtList: autoDraw = False
288.9235 	EXP 	txtProbe: autoDraw = False
289.0072 	EXP 	New trial (rep=7, index=1): {'length': 5, 'present': 0}
289.0215 	EXP 	txtList: text = <class 'numpy.ndarray'>
289.0215 	EXP 	txtProbe: text = 0
289.5053 	EXP 	txtList: autoDraw = True
291.0064 	EXP 	txtList: autoDraw = False
293.0082 	EXP 	txtProbe: autoDraw = True
293.6982 	DATA 	Keypress: right
293.7090 	EXP 	txtList: autoDraw = False
293.7090 	EXP 	txtProbe: autoDraw = False
293.7940 	EXP 	New trial (rep=7, index=2): {'length': 1, 'present': 0}
293.8087 	EXP 	txtList: text = array([6])
293.8087 	EXP 	txtProbe: text = 1
294.2925 	EXP 	txtList: autoDraw = True
295.7939 	EXP 	txtList: autoDraw = False
297.7956 	EXP 	txtProbe: autoDraw = True
298.4841 	DATA 	Keypress: right
298.5125 	EXP 	txtList: autoDraw = False
298.5125 	EXP 	txtProbe: autoDraw = False
298.5979 	EXP 	New trial (rep=7, index=3): {'length': 3, 'present': 1}
298.6128 	EXP 	txtList: text = <class 'numpy.ndarray'>
298.6128 	EXP 	txtProbe: text = 1
299.0965 	EXP 	txtList: autoDraw = True
300.5980 	EXP 	txtList: autoDraw = False
302.5996 	EXP 	txtProbe: autoDraw = True
303.0878 	DATA 	Keypress: left
303.1164 	EXP 	txtList: autoDraw = False
303.1164 	EXP 	txtProbe: autoDraw = False
303.2035 	EXP 	New trial (rep=7, index=4): {'length': 7, 'present': 0}
303.2243 	EXP 	txtList: text = <class 'numpy.ndarray'>
303.2243 	EXP 	txtProbe: text = 9
303.7173 	EXP 	txtList: autoDraw = True
305.2183 	EXP 	txtList: autoDraw = False
307.2198 	EXP 	txtProbe: autoDraw = True
308.6444 	DATA 	Keypress: left
308.6543 	EXP 	txtList: autoDraw = False
308.6543 	EXP 	txtProbe: autoDraw = False
308.7396 	EXP 	New trial (rep=7, index=5): {'length': 7, 'present': 1}
308.7544 	EXP 	txtList: text = <class 'numpy.ndarray'>
308.7544 	EXP 	txtProbe: text = 2
309.2384 	EXP 	txtList: autoDraw = True
310.7391 	EXP 	txtList: autoDraw = False
312.7410 	EXP 	txtProbe: autoDraw = True
313.4645 	DATA 	Keypress: left
313.4751 	EXP 	txtList: autoDraw = False
313.4751 	EXP 	txtProbe: autoDraw = False
313.5600 	EXP 	New trial (rep=7, index=6): {'length': 5, 'present': 1}
313.5749 	EXP 	txtList: text = <class 'numpy.ndarray'>
313.5749 	EXP 	txtProbe: text = 3
314.0589 	EXP 	txtList: autoDraw = True
315.5601 	EXP 	txtList: autoDraw = False
317.5617 	EXP 	txtProbe: autoDraw = True
318.2890 	DATA 	Keypress: left
318.3138 	EXP 	txtList: autoDraw = False
318.3138 	EXP 	txtProbe: autoDraw = False
318.3971 	EXP 	New trial (rep=7, index=7): {'length': 1, 'present': 1}
318.4125 	EXP 	txtList: text = array([7])
318.4125 	EXP 	txtProbe: text = 7
318.8962 	EXP 	txtList: autoDraw = True
320.3976 	EXP 	txtList: autoDraw = False
322.3992 	EXP 	txtProbe: autoDraw = True
322.8581 	DATA 	Keypress: left
323.6561 	DATA 	Keypress: left
323.6668 	EXP 	txtList: autoDraw = False
323.6668 	EXP 	txtProbe: autoDraw = False
323.7362 	EXP 	New trial (rep=8, index=0): {'length': 3, 'present': 1}
323.7500 	EXP 	txtList: text = <class 'numpy.ndarray'>
323.7500 	EXP 	txtProbe: text = 8
324.2339 	EXP 	txtList: autoDraw = True
325.7349 	EXP 	txtList: autoDraw = False
327.7367 	EXP 	txtProbe: autoDraw = True
328.2680 	DATA 	Keypress: left
328.2715 	EXP 	txtList: autoDraw = False
328.2715 	EXP 	txtProbe: autoDraw = False
328.3586 	EXP 	New trial (rep=8, index=1): {'length': 7, 'present': 1}
328.3813 	EXP 	txtList: text = <class 'numpy.ndarray'>
328.3813 	EXP 	txtProbe: text = 1
328.8711 	EXP 	txtList: autoDraw = True
330.3723 	EXP 	txtList: autoDraw = False
332.3742 	EXP 	txtProbe: autoDraw = True
333.5978 	DATA 	Keypress: left
333.6085 	EXP 	txtList: autoDraw = False
333.6085 	EXP 	txtProbe: autoDraw = False
333.6936 	EXP 	New trial (rep=8, index=2): {'length': 1, 'present': 1}
333.7086 	EXP 	txtList: text = array([7])
333.7086 	EXP 	txtProbe: text = 7
334.1922 	EXP 	txtList: autoDraw = True
335.6933 	EXP 	txtList: autoDraw = False
337.6950 	EXP 	txtProbe: autoDraw = True
338.1359 	DATA 	Keypress: left
338.1618 	EXP 	txtList: autoDraw = False
338.1618 	EXP 	txtProbe: autoDraw = False
338.2466 	EXP 	New trial (rep=8, index=3): {'length': 5, 'present': 1}
338.2618 	EXP 	txtList: text = <class 'numpy.ndarray'>
338.2618 	EXP 	txtProbe: text = 9
338.7460 	EXP 	txtList: autoDraw = True
340.2471 	EXP 	txtList: autoDraw = False
342.2488 	EXP 	txtProbe: autoDraw = True
343.2374 	DATA 	Keypress: left
343.2663 	EXP 	txtList: autoDraw = False
343.2663 	EXP 	txtProbe: autoDraw = False
343.3520 	EXP 	New trial (rep=8, index=4): {'length': 5, 'present': 0}
343.3663 	EXP 	txtList: text = <class 'numpy.ndarray'>
343.3663 	EXP 	txtProbe: text = 2
343.8503 	EXP 	txtList: autoDraw = True
345.3516 	EXP 	txtList: autoDraw = False
347.3528 	EXP 	txtProbe: autoDraw = True
348.1250 	DATA 	Keypress: right
348.1535 	EXP 	txtList: autoDraw = False
348.1535 	EXP 	txtProbe: autoDraw = False
348.2390 	EXP 	New trial (rep=8, index=5): {'length': 3, 'present': 0}
348.2537 	EXP 	txtList: text = <class 'numpy.ndarray'>
348.2537 	EXP 	txtProbe: text = 3
348.7375 	EXP 	txtList: autoDraw = True
350.2390 	EXP 	txtList: autoDraw = False
352.2404 	EXP 	txtProbe: autoDraw = True
352.9284 	DATA 	Keypress: right
352.9576 	EXP 	txtList: autoDraw = False
352.9576 	EXP 	txtProbe: autoDraw = False
353.0430 	EXP 	New trial (rep=8, index=6): {'length': 1, 'present': 0}
353.0577 	EXP 	txtList: text = array([3])
353.0577 	EXP 	txtProbe: text = 1
353.5413 	EXP 	txtList: autoDraw = True
355.0426 	EXP 	txtList: autoDraw = False
357.0442 	EXP 	txtProbe: autoDraw = True
357.4828 	DATA 	Keypress: right
357.5112 	EXP 	txtList: autoDraw = False
357.5112 	EXP 	txtProbe: autoDraw = False
357.5983 	EXP 	New trial (rep=8, index=7): {'length': 7, 'present': 0}
357.6211 	EXP 	txtList: text = <class 'numpy.ndarray'>
357.6211 	EXP 	txtProbe: text = 7
358.1121 	EXP 	txtList: autoDraw = True
359.6132 	EXP 	txtList: autoDraw = False
361.6149 	EXP 	txtProbe: autoDraw = True
362.4379 	DATA 	Keypress: right
362.4488 	EXP 	txtList: autoDraw = False
362.4488 	EXP 	txtProbe: autoDraw = False
362.5373 	EXP 	New trial (rep=9, index=0): {'length': 3, 'present': 1}
362.5553 	EXP 	txtList: text = <class 'numpy.ndarray'>
362.5553 	EXP 	txtProbe: text = 4
363.0327 	EXP 	txtList: autoDraw = True
364.5338 	EXP 	txtList: autoDraw = False
366.5354 	EXP 	txtProbe: autoDraw = True
367.1079 	DATA 	Keypress: left
367.1192 	EXP 	txtList: autoDraw = False
367.1192 	EXP 	txtProbe: autoDraw = False
367.2052 	EXP 	New trial (rep=9, index=1): {'length': 7, 'present': 0}
367.2192 	EXP 	txtList: text = <class 'numpy.ndarray'>
367.2192 	EXP 	txtProbe: text = 6
367.7033 	EXP 	txtList: autoDraw = True
369.2046 	EXP 	txtList: autoDraw = False
371.2061 	EXP 	txtProbe: autoDraw = True
371.9961 	DATA 	Keypress: right
372.0064 	EXP 	txtList: autoDraw = False
372.0064 	EXP 	txtProbe: autoDraw = False
372.0942 	EXP 	New trial (rep=9, index=2): {'length': 5, 'present': 0}
372.1201 	EXP 	txtList: text = <class 'numpy.ndarray'>
372.1201 	EXP 	txtProbe: text = 5
372.6073 	EXP 	txtList: autoDraw = True
374.1084 	EXP 	txtList: autoDraw = False
376.1101 	EXP 	txtProbe: autoDraw = True
377.0037 	DATA 	Keypress: right
377.0296 	EXP 	txtList: autoDraw = False
377.0296 	EXP 	txtProbe: autoDraw = False
377.1128 	EXP 	New trial (rep=9, index=3): {'length': 5, 'present': 1}
377.1274 	EXP 	txtList: text = <class 'numpy.ndarray'>
377.1274 	EXP 	txtProbe: text = 4
377.6115 	EXP 	txtList: autoDraw = True
379.1125 	EXP 	txtList: autoDraw = False
381.1142 	EXP 	txtProbe: autoDraw = True
381.9025 	DATA 	Keypress: left
381.9333 	EXP 	txtList: autoDraw = False
381.9333 	EXP 	txtProbe: autoDraw = False
382.0184 	EXP 	New trial (rep=9, index=4): {'length': 3, 'present': 0}
382.0398 	EXP 	txtList: text = <class 'numpy.ndarray'>
382.0398 	EXP 	txtProbe: text = 5
382.5321 	EXP 	txtList: autoDraw = True
384.0334 	EXP 	txtList: autoDraw = False
386.0185 	EXP 	txtProbe: autoDraw = True
386.5078 	DATA 	Keypress: right
386.5185 	EXP 	txtList: autoDraw = False
386.5185 	EXP 	txtProbe: autoDraw = False
386.6040 	EXP 	New trial (rep=9, index=5): {'length': 1, 'present': 0}
386.6187 	EXP 	txtList: text = array([1])
386.6187 	EXP 	txtProbe: text = 8
387.1028 	EXP 	txtList: autoDraw = True
388.6035 	EXP 	txtList: autoDraw = False
390.6057 	EXP 	txtProbe: autoDraw = True
391.0103 	DATA 	Keypress: right
391.0393 	EXP 	txtList: autoDraw = False
391.0393 	EXP 	txtProbe: autoDraw = False
391.1238 	EXP 	New trial (rep=9, index=6): {'length': 7, 'present': 1}
391.1388 	EXP 	txtList: text = <class 'numpy.ndarray'>
391.1388 	EXP 	txtProbe: text = 3
391.6229 	EXP 	txtList: autoDraw = True
393.1243 	EXP 	txtList: autoDraw = False
395.1256 	EXP 	txtProbe: autoDraw = True
395.9492 	DATA 	Keypress: left
395.9596 	EXP 	txtList: autoDraw = False
395.9596 	EXP 	txtProbe: autoDraw = False
396.0448 	EXP 	New trial (rep=9, index=7): {'length': 1, 'present': 1}
396.0597 	EXP 	txtList: text = array([3])
396.0597 	EXP 	txtProbe: text = 3
396.5435 	EXP 	txtList: autoDraw = True
398.0450 	EXP 	txtList: autoDraw = False
400.0467 	EXP 	txtProbe: autoDraw = True
400.5196 	DATA 	Keypress: left
400.5299 	EXP 	txtList: autoDraw = False
400.5299 	EXP 	txtProbe: autoDraw = False
401.2816 	EXP 	window1: mouseVisible = True
